Traceback (most recent call last):
  File "/Users/laurac/opt/anaconda3/envs/cc_indicators_v2/lib/python3.12/site-packages/jupyter_cache/executors/utils.py", line 58, in single_nb_execution
    executenb(
  File "/Users/laurac/opt/anaconda3/envs/cc_indicators_v2/lib/python3.12/site-packages/nbclient/client.py", line 1319, in execute
    return NotebookClient(nb=nb, resources=resources, km=km, **kwargs).execute()
           ^^^^^^^^^^^^^^^^^^^^^^^^^^^^^^^^^^^^^^^^^^^^^^^^^^^^^^^^^^^^^^^^^^^^^
  File "/Users/laurac/opt/anaconda3/envs/cc_indicators_v2/lib/python3.12/site-packages/jupyter_core/utils/__init__.py", line 165, in wrapped
    return loop.run_until_complete(inner)
           ^^^^^^^^^^^^^^^^^^^^^^^^^^^^^^
  File "/Users/laurac/opt/anaconda3/envs/cc_indicators_v2/lib/python3.12/asyncio/base_events.py", line 664, in run_until_complete
    return future.result()
           ^^^^^^^^^^^^^^^
  File "/Users/laurac/opt/anaconda3/envs/cc_indicators_v2/lib/python3.12/site-packages/nbclient/client.py", line 709, in async_execute
    await self.async_execute_cell(
  File "/Users/laurac/opt/anaconda3/envs/cc_indicators_v2/lib/python3.12/site-packages/nbclient/client.py", line 1062, in async_execute_cell
    await self._check_raise_for_error(cell, cell_index, exec_reply)
  File "/Users/laurac/opt/anaconda3/envs/cc_indicators_v2/lib/python3.12/site-packages/nbclient/client.py", line 918, in _check_raise_for_error
    raise CellExecutionError.from_cell_and_msg(cell, exec_reply_content)
nbclient.exceptions.CellExecutionError: An error occurred while executing the following cell:
------------------
df = table_rain_a_summary(data)
fig = plot_df_table(df.T, figsize = (600, 350),)
------------------


[0;31m---------------------------------------------------------------------------[0m
[0;31mTypeError[0m                                 Traceback (most recent call last)
File [0;32m~/opt/anaconda3/envs/cc_indicators_v2/lib/python3.12/site-packages/pandas/core/ops/array_ops.py:218[0m, in [0;36m_na_arithmetic_op[0;34m(left, right, op, is_cmp)[0m
[1;32m    217[0m [38;5;28;01mtry[39;00m:
[0;32m--> 218[0m     result [38;5;241m=[39m [43mfunc[49m[43m([49m[43mleft[49m[43m,[49m[43m [49m[43mright[49m[43m)[49m
[1;32m    219[0m [38;5;28;01mexcept[39;00m [38;5;167;01mTypeError[39;00m:

File [0;32m~/opt/anaconda3/envs/cc_indicators_v2/lib/python3.12/site-packages/pandas/core/computation/expressions.py:242[0m, in [0;36mevaluate[0;34m(op, a, b, use_numexpr)[0m
[1;32m    240[0m     [38;5;28;01mif[39;00m use_numexpr:
[1;32m    241[0m         [38;5;66;03m# error: "None" not callable[39;00m
[0;32m--> 242[0m         [38;5;28;01mreturn[39;00m [43m_evaluate[49m[43m([49m[43mop[49m[43m,[49m[43m [49m[43mop_str[49m[43m,[49m[43m [49m[43ma[49m[43m,[49m[43m [49m[43mb[49m[43m)[49m  [38;5;66;03m# type: ignore[misc][39;00m
[1;32m    243[0m [38;5;28;01mreturn[39;00m _evaluate_standard(op, op_str, a, b)

File [0;32m~/opt/anaconda3/envs/cc_indicators_v2/lib/python3.12/site-packages/pandas/core/computation/expressions.py:73[0m, in [0;36m_evaluate_standard[0;34m(op, op_str, a, b)[0m
[1;32m     72[0m     _store_test_result([38;5;28;01mFalse[39;00m)
[0;32m---> 73[0m [38;5;28;01mreturn[39;00m [43mop[49m[43m([49m[43ma[49m[43m,[49m[43m [49m[43mb[49m[43m)[49m

[0;31mTypeError[0m: unsupported operand type(s) for /: 'str' and 'int'

During handling of the above exception, another exception occurred:

[0;31mTypeError[0m                                 Traceback (most recent call last)
Cell [0;32mIn[24], line 1[0m
[0;32m----> 1[0m df [38;5;241m=[39m [43mtable_rain_a_summary[49m[43m([49m[43mdata[49m[43m)[49m
[1;32m      2[0m fig [38;5;241m=[39m plot_df_table(df[38;5;241m.[39mT, figsize [38;5;241m=[39m ([38;5;241m600[39m, [38;5;241m350[39m),)

File [0;32m~/Library/Mobile Documents/com~apple~CloudDocs/Projects/CC_indicators/CC_indicators/notebooks_historical/atmosphere/3_rainfall/../../../../indicators_setup/ind_setup/tables.py:235[0m, in [0;36mtable_rain_a_summary[0;34m(data)[0m
[1;32m    224[0m [38;5;28;01mdef[39;00m[38;5;250m [39m[38;5;21mtable_rain_a_summary[39m(data):
[1;32m    225[0m [38;5;250m    [39m[38;5;124;03m"""[39;00m
[1;32m    226[0m [38;5;124;03m    Generate a summary table for rainfall data.[39;00m
[1;32m    227[0m 
[0;32m   (...)[0m
[1;32m    232[0m [38;5;124;03m    pd.DataFrame: Summary table with maximum accumulated rainfall and maximum daily precipitation.[39;00m
[1;32m    233[0m [38;5;124;03m    """[39;00m
[0;32m--> 235[0m     datag [38;5;241m=[39m ([43mdata[49m[38;5;241;43m.[39;49m[43mgroupby[49m[43m([49m[43mdata[49m[38;5;241;43m.[39;49m[43mindex[49m[38;5;241;43m.[39;49m[43myear[49m[43m)[49m[38;5;241;43m.[39;49m[43msum[49m[43m([49m[43m)[49m[38;5;241;43m/[39;49m[43m [49m[43mdata[49m[38;5;241;43m.[39;49m[43mgroupby[49m[43m([49m[43mdata[49m[38;5;241;43m.[39;49m[43mindex[49m[38;5;241;43m.[39;49m[43myear[49m[43m)[49m[38;5;241;43m.[39;49m[43mcount[49m[43m([49m[43m)[49m) [38;5;241m*[39m [38;5;241m365[39m
[1;32m    236[0m     datag[38;5;241m.[39mindex [38;5;241m=[39m pd[38;5;241m.[39mto_datetime(datag[38;5;241m.[39mindex, [38;5;28mformat[39m [38;5;241m=[39m [38;5;124m'[39m[38;5;124m%[39m[38;5;124mY[39m[38;5;124m'[39m)
[1;32m    238[0m     perc_wet_dry [38;5;241m=[39m data[38;5;241m.[39mgroupby([38;5;124m'[39m[38;5;124mwet_day[39m[38;5;124m'[39m)[38;5;241m.[39mcount()[[38;5;124m'[39m[38;5;124mPRCP[39m[38;5;124m'[39m][38;5;241m.[39mvalues[38;5;241m/[39m[38;5;28mlen[39m(data) [38;5;241m*[39m [38;5;241m100[39m

File [0;32m~/opt/anaconda3/envs/cc_indicators_v2/lib/python3.12/site-packages/pandas/core/ops/common.py:76[0m, in [0;36m_unpack_zerodim_and_defer.<locals>.new_method[0;34m(self, other)[0m
[1;32m     72[0m             [38;5;28;01mreturn[39;00m [38;5;28mNotImplemented[39m
[1;32m     74[0m other [38;5;241m=[39m item_from_zerodim(other)
[0;32m---> 76[0m [38;5;28;01mreturn[39;00m [43mmethod[49m[43m([49m[38;5;28;43mself[39;49m[43m,[49m[43m [49m[43mother[49m[43m)[49m

File [0;32m~/opt/anaconda3/envs/cc_indicators_v2/lib/python3.12/site-packages/pandas/core/arraylike.py:210[0m, in [0;36mOpsMixin.__truediv__[0;34m(self, other)[0m
[1;32m    208[0m [38;5;129m@unpack_zerodim_and_defer[39m([38;5;124m"[39m[38;5;124m__truediv__[39m[38;5;124m"[39m)
[1;32m    209[0m [38;5;28;01mdef[39;00m[38;5;250m [39m[38;5;21m__truediv__[39m([38;5;28mself[39m, other):
[0;32m--> 210[0m     [38;5;28;01mreturn[39;00m [38;5;28;43mself[39;49m[38;5;241;43m.[39;49m[43m_arith_method[49m[43m([49m[43mother[49m[43m,[49m[43m [49m[43moperator[49m[38;5;241;43m.[39;49m[43mtruediv[49m[43m)[49m

File [0;32m~/opt/anaconda3/envs/cc_indicators_v2/lib/python3.12/site-packages/pandas/core/frame.py:7913[0m, in [0;36mDataFrame._arith_method[0;34m(self, other, op)[0m
[1;32m   7910[0m [38;5;28mself[39m, other [38;5;241m=[39m [38;5;28mself[39m[38;5;241m.[39m_align_for_op(other, axis, flex[38;5;241m=[39m[38;5;28;01mTrue[39;00m, level[38;5;241m=[39m[38;5;28;01mNone[39;00m)
[1;32m   7912[0m [38;5;28;01mwith[39;00m np[38;5;241m.[39merrstate([38;5;28mall[39m[38;5;241m=[39m[38;5;124m"[39m[38;5;124mignore[39m[38;5;124m"[39m):
[0;32m-> 7913[0m     new_data [38;5;241m=[39m [38;5;28;43mself[39;49m[38;5;241;43m.[39;49m[43m_dispatch_frame_op[49m[43m([49m[43mother[49m[43m,[49m[43m [49m[43mop[49m[43m,[49m[43m [49m[43maxis[49m[38;5;241;43m=[39;49m[43maxis[49m[43m)[49m
[1;32m   7914[0m [38;5;28;01mreturn[39;00m [38;5;28mself[39m[38;5;241m.[39m_construct_result(new_data)

File [0;32m~/opt/anaconda3/envs/cc_indicators_v2/lib/python3.12/site-packages/pandas/core/frame.py:7956[0m, in [0;36mDataFrame._dispatch_frame_op[0;34m(self, right, func, axis)[0m
[1;32m   7950[0m     [38;5;28;01massert[39;00m [38;5;28mself[39m[38;5;241m.[39mcolumns[38;5;241m.[39mequals(right[38;5;241m.[39mcolumns)
[1;32m   7951[0m     [38;5;66;03m# TODO: The previous assertion `assert right._indexed_same(self)`[39;00m
[1;32m   7952[0m     [38;5;66;03m#  fails in cases with empty columns reached via[39;00m
[1;32m   7953[0m     [38;5;66;03m#  _frame_arith_method_with_reindex[39;00m
[1;32m   7954[0m 
[1;32m   7955[0m     [38;5;66;03m# TODO operate_blockwise expects a manager of the same type[39;00m
[0;32m-> 7956[0m     bm [38;5;241m=[39m [38;5;28;43mself[39;49m[38;5;241;43m.[39;49m[43m_mgr[49m[38;5;241;43m.[39;49m[43moperate_blockwise[49m[43m([49m
[1;32m   7957[0m [43m        [49m[38;5;66;43;03m# error: Argument 1 to "operate_blockwise" of "ArrayManager" has[39;49;00m
[1;32m   7958[0m [43m        [49m[38;5;66;43;03m# incompatible type "Union[ArrayManager, BlockManager]"; expected[39;49;00m
[1;32m   7959[0m [43m        [49m[38;5;66;43;03m# "ArrayManager"[39;49;00m
[1;32m   7960[0m [43m        [49m[38;5;66;43;03m# error: Argument 1 to "operate_blockwise" of "BlockManager" has[39;49;00m
[1;32m   7961[0m [43m        [49m[38;5;66;43;03m# incompatible type "Union[ArrayManager, BlockManager]"; expected[39;49;00m
[1;32m   7962[0m [43m        [49m[38;5;66;43;03m# "BlockManager"[39;49;00m
[1;32m   7963[0m [43m        [49m[43mright[49m[38;5;241;43m.[39;49m[43m_mgr[49m[43m,[49m[43m  [49m[38;5;66;43;03m# type: ignore[arg-type][39;49;00m
[1;32m   7964[0m [43m        [49m[43marray_op[49m[43m,[49m
[1;32m   7965[0m [43m    [49m[43m)[49m
[1;32m   7966[0m     [38;5;28;01mreturn[39;00m [38;5;28mself[39m[38;5;241m.[39m_constructor_from_mgr(bm, axes[38;5;241m=[39mbm[38;5;241m.[39maxes)
[1;32m   7968[0m [38;5;28;01melif[39;00m [38;5;28misinstance[39m(right, Series) [38;5;129;01mand[39;00m axis [38;5;241m==[39m [38;5;241m1[39m:
[1;32m   7969[0m     [38;5;66;03m# axis=1 means we want to operate row-by-row[39;00m

File [0;32m~/opt/anaconda3/envs/cc_indicators_v2/lib/python3.12/site-packages/pandas/core/internals/managers.py:1511[0m, in [0;36mBlockManager.operate_blockwise[0;34m(self, other, array_op)[0m
[1;32m   1507[0m [38;5;28;01mdef[39;00m[38;5;250m [39m[38;5;21moperate_blockwise[39m([38;5;28mself[39m, other: BlockManager, array_op) [38;5;241m-[39m[38;5;241m>[39m BlockManager:
[1;32m   1508[0m [38;5;250m    [39m[38;5;124;03m"""[39;00m
[1;32m   1509[0m [38;5;124;03m    Apply array_op blockwise with another (aligned) BlockManager.[39;00m
[1;32m   1510[0m [38;5;124;03m    """[39;00m
[0;32m-> 1511[0m     [38;5;28;01mreturn[39;00m [43moperate_blockwise[49m[43m([49m[38;5;28;43mself[39;49m[43m,[49m[43m [49m[43mother[49m[43m,[49m[43m [49m[43marray_op[49m[43m)[49m

File [0;32m~/opt/anaconda3/envs/cc_indicators_v2/lib/python3.12/site-packages/pandas/core/internals/ops.py:65[0m, in [0;36moperate_blockwise[0;34m(left, right, array_op)[0m
[1;32m     63[0m res_blks: [38;5;28mlist[39m[Block] [38;5;241m=[39m []
[1;32m     64[0m [38;5;28;01mfor[39;00m lvals, rvals, locs, left_ea, right_ea, rblk [38;5;129;01min[39;00m _iter_block_pairs(left, right):
[0;32m---> 65[0m     res_values [38;5;241m=[39m [43marray_op[49m[43m([49m[43mlvals[49m[43m,[49m[43m [49m[43mrvals[49m[43m)[49m
[1;32m     66[0m     [38;5;28;01mif[39;00m (
[1;32m     67[0m         left_ea
[1;32m     68[0m         [38;5;129;01mand[39;00m [38;5;129;01mnot[39;00m right_ea
[1;32m     69[0m         [38;5;129;01mand[39;00m [38;5;28mhasattr[39m(res_values, [38;5;124m"[39m[38;5;124mreshape[39m[38;5;124m"[39m)
[1;32m     70[0m         [38;5;129;01mand[39;00m [38;5;129;01mnot[39;00m is_1d_only_ea_dtype(res_values[38;5;241m.[39mdtype)
[1;32m     71[0m     ):
[1;32m     72[0m         res_values [38;5;241m=[39m res_values[38;5;241m.[39mreshape([38;5;241m1[39m, [38;5;241m-[39m[38;5;241m1[39m)

File [0;32m~/opt/anaconda3/envs/cc_indicators_v2/lib/python3.12/site-packages/pandas/core/ops/array_ops.py:283[0m, in [0;36marithmetic_op[0;34m(left, right, op)[0m
[1;32m    279[0m     _bool_arith_check(op, left, right)  [38;5;66;03m# type: ignore[arg-type][39;00m
[1;32m    281[0m     [38;5;66;03m# error: Argument 1 to "_na_arithmetic_op" has incompatible type[39;00m
[1;32m    282[0m     [38;5;66;03m# "Union[ExtensionArray, ndarray[Any, Any]]"; expected "ndarray[Any, Any]"[39;00m
[0;32m--> 283[0m     res_values [38;5;241m=[39m [43m_na_arithmetic_op[49m[43m([49m[43mleft[49m[43m,[49m[43m [49m[43mright[49m[43m,[49m[43m [49m[43mop[49m[43m)[49m  [38;5;66;03m# type: ignore[arg-type][39;00m
[1;32m    285[0m [38;5;28;01mreturn[39;00m res_values

File [0;32m~/opt/anaconda3/envs/cc_indicators_v2/lib/python3.12/site-packages/pandas/core/ops/array_ops.py:227[0m, in [0;36m_na_arithmetic_op[0;34m(left, right, op, is_cmp)[0m
[1;32m    219[0m [38;5;28;01mexcept[39;00m [38;5;167;01mTypeError[39;00m:
[1;32m    220[0m     [38;5;28;01mif[39;00m [38;5;129;01mnot[39;00m is_cmp [38;5;129;01mand[39;00m (
[1;32m    221[0m         left[38;5;241m.[39mdtype [38;5;241m==[39m [38;5;28mobject[39m [38;5;129;01mor[39;00m [38;5;28mgetattr[39m(right, [38;5;124m"[39m[38;5;124mdtype[39m[38;5;124m"[39m, [38;5;28;01mNone[39;00m) [38;5;241m==[39m [38;5;28mobject[39m
[1;32m    222[0m     ):
[0;32m   (...)[0m
[1;32m    225[0m         [38;5;66;03m# Don't do this for comparisons, as that will handle complex numbers[39;00m
[1;32m    226[0m         [38;5;66;03m#  incorrectly, see GH#32047[39;00m
[0;32m--> 227[0m         result [38;5;241m=[39m [43m_masked_arith_op[49m[43m([49m[43mleft[49m[43m,[49m[43m [49m[43mright[49m[43m,[49m[43m [49m[43mop[49m[43m)[49m
[1;32m    228[0m     [38;5;28;01melse[39;00m:
[1;32m    229[0m         [38;5;28;01mraise[39;00m

File [0;32m~/opt/anaconda3/envs/cc_indicators_v2/lib/python3.12/site-packages/pandas/core/ops/array_ops.py:163[0m, in [0;36m_masked_arith_op[0;34m(x, y, op)[0m
[1;32m    161[0m     [38;5;66;03m# See GH#5284, GH#5035, GH#19448 for historical reference[39;00m
[1;32m    162[0m     [38;5;28;01mif[39;00m mask[38;5;241m.[39many():
[0;32m--> 163[0m         result[mask] [38;5;241m=[39m [43mop[49m[43m([49m[43mxrav[49m[43m[[49m[43mmask[49m[43m][49m[43m,[49m[43m [49m[43myrav[49m[43m[[49m[43mmask[49m[43m][49m[43m)[49m
[1;32m    165[0m [38;5;28;01melse[39;00m:
[1;32m    166[0m     [38;5;28;01mif[39;00m [38;5;129;01mnot[39;00m is_scalar(y):

[0;31mTypeError[0m: unsupported operand type(s) for /: 'str' and 'int'

