Traceback (most recent call last):
  File "/Users/laurac/opt/anaconda3/envs/cc_indicators_v2/lib/python3.12/site-packages/jupyter_cache/executors/utils.py", line 58, in single_nb_execution
    executenb(
  File "/Users/laurac/opt/anaconda3/envs/cc_indicators_v2/lib/python3.12/site-packages/nbclient/client.py", line 1319, in execute
    return NotebookClient(nb=nb, resources=resources, km=km, **kwargs).execute()
           ^^^^^^^^^^^^^^^^^^^^^^^^^^^^^^^^^^^^^^^^^^^^^^^^^^^^^^^^^^^^^^^^^^^^^
  File "/Users/laurac/opt/anaconda3/envs/cc_indicators_v2/lib/python3.12/site-packages/jupyter_core/utils/__init__.py", line 165, in wrapped
    return loop.run_until_complete(inner)
           ^^^^^^^^^^^^^^^^^^^^^^^^^^^^^^
  File "/Users/laurac/opt/anaconda3/envs/cc_indicators_v2/lib/python3.12/asyncio/base_events.py", line 664, in run_until_complete
    return future.result()
           ^^^^^^^^^^^^^^^
  File "/Users/laurac/opt/anaconda3/envs/cc_indicators_v2/lib/python3.12/site-packages/nbclient/client.py", line 709, in async_execute
    await self.async_execute_cell(
  File "/Users/laurac/opt/anaconda3/envs/cc_indicators_v2/lib/python3.12/site-packages/nbclient/client.py", line 1062, in async_execute_cell
    await self._check_raise_for_error(cell, cell_index, exec_reply)
  File "/Users/laurac/opt/anaconda3/envs/cc_indicators_v2/lib/python3.12/site-packages/nbclient/client.py", line 918, in _check_raise_for_error
    raise CellExecutionError.from_cell_and_msg(cell, exec_reply_content)
nbclient.exceptions.CellExecutionError: An error occurred while executing the following cell:
------------------
time = tcs_sel_params.dmin_date.dt.year.values
u, cu = np.unique(time, return_counts=True)
plot_bar_probs(x = u, y = cu, figsize= (15, 4), trendline_plot = True,
               y_label =  'Number TCs')
------------------


[0;31m---------------------------------------------------------------------------[0m
[0;31mTypeError[0m                                 Traceback (most recent call last)
Cell [0;32mIn[14], line 3[0m
[1;32m      1[0m time [38;5;241m=[39m tcs_sel_params[38;5;241m.[39mdmin_date[38;5;241m.[39mdt[38;5;241m.[39myear[38;5;241m.[39mvalues
[1;32m      2[0m u, cu [38;5;241m=[39m np[38;5;241m.[39munique(time, return_counts[38;5;241m=[39m[38;5;28;01mTrue[39;00m)
[0;32m----> 3[0m [43mplot_bar_probs[49m[43m([49m[43mx[49m[43m [49m[38;5;241;43m=[39;49m[43m [49m[43mu[49m[43m,[49m[43m [49m[43my[49m[43m [49m[38;5;241;43m=[39;49m[43m [49m[43mcu[49m[43m,[49m[43m [49m[43mfigsize[49m[38;5;241;43m=[39;49m[43m [49m[43m([49m[38;5;241;43m15[39;49m[43m,[49m[43m [49m[38;5;241;43m4[39;49m[43m)[49m[43m,[49m[43m [49m[43mtrendline_plot[49m[43m [49m[38;5;241;43m=[39;49m[43m [49m[38;5;28;43;01mTrue[39;49;00m[43m,[49m
[1;32m      4[0m [43m               [49m[43my_label[49m[43m [49m[38;5;241;43m=[39;49m[43m  [49m[38;5;124;43m'[39;49m[38;5;124;43mNumber TCs[39;49m[38;5;124;43m'[39;49m[43m)[49m

[0;31mTypeError[0m: plot_bar_probs() got an unexpected keyword argument 'trendline_plot'

